<?xml version="1.0" encoding="UTF-8"?>
<testng-results skipped="0" failed="0" ignored="0" total="1" passed="1">
  <reporter-output>
  </reporter-output>
  <suite name="Suite" duration-ms="711" started-at="2020-05-16T12:29:27Z" finished-at="2020-05-16T12:29:28Z">
    <groups>
      <group name="cucumber">
        <method signature="AbstractTestNGCucumberTests.feature(cucumber.api.testng.CucumberFeatureWrapper)[pri:0, instance:cucumberOptions.TestRunner@79ca92b9]" name="feature" class="cucumber.api.testng.AbstractTestNGCucumberTests"/>
      </group> <!-- cucumber -->
    </groups>
    <test name="Test" duration-ms="711" started-at="2020-05-16T12:29:27Z" finished-at="2020-05-16T12:29:28Z">
      <class name="cucumberOptions.TestRunner">
        <test-method status="PASS" signature="setUpClass()[pri:0, instance:cucumberOptions.TestRunner@79ca92b9]" name="setUpClass" is-config="true" duration-ms="339" started-at="2020-05-16T12:29:27Z" finished-at="2020-05-16T12:29:27Z">
          <reporter-output>
          </reporter-output>
        </test-method> <!-- setUpClass -->
        <test-method status="PASS" signature="feature(cucumber.api.testng.CucumberFeatureWrapper)[pri:0, instance:cucumberOptions.TestRunner@79ca92b9]" name="feature" duration-ms="214" started-at="2020-05-16T12:29:27Z" description="Runs Cucumber Feature" data-provider="features" finished-at="2020-05-16T12:29:28Z">
          <params>
            <param index="0">
              <value>
                <![CDATA[Application Login]]>
              </value>
            </param>
          </params>
          <reporter-output>
          </reporter-output>
        </test-method> <!-- feature -->
        <test-method status="PASS" signature="tearDownClass()[pri:0, instance:cucumberOptions.TestRunner@79ca92b9]" name="tearDownClass" is-config="true" duration-ms="4" started-at="2020-05-16T12:29:28Z" finished-at="2020-05-16T12:29:28Z">
          <reporter-output>
          </reporter-output>
        </test-method> <!-- tearDownClass -->
      </class> <!-- cucumberOptions.TestRunner -->
    </test> <!-- Test -->
  </suite> <!-- Suite -->
</testng-results>
